<?xml version="1.0" encoding="UTF-8"?>
<!-- Generated by org.testng.reporters.JUnitReportReporter -->
<testsuite hostname="DESKTOP-3HUK4M9" failures="0" tests="1" name="utilities.PropertyFileUtility" time="0.162" errors="0" timestamp="2021-08-03T10:48:40 IST" skipped="0">
  <testcase classname="utilities.PropertyFileUtility" name="main" time="0.162"/>
  <system-out/>
</testsuite> <!-- utilities.PropertyFileUtility -->
