<?xml version="1.0" encoding="UTF-8"?>
<!-- Generated by org.testng.reporters.JUnitReportReporter -->
<testsuite hostname="DESKTOP-R6MJMHV" failures="0" tests="1" name="mypack.Calculation" time="0.008" errors="0" timestamp="2021-08-10T15:29:39 IST" skipped="0">
  <testcase classname="mypack.Calculation" name="addition" time="0.008"/>
  <system-out/>
</testsuite> <!-- mypack.Calculation -->
